<?xml version="1.0" encoding="UTF-8"?>
<!-- Generated by org.testng.reporters.JUnitXMLReporter -->
<testsuite hostname="DESKTOP-G1GANOT" ignored="0" name="Default test" tests="4" failures="0" timestamp="22 May 2020 03:14:03 GMT" time="187.949" errors="0">
  <testcase name="createNewContactFreeCRM" time="18.451" classname="dataProvideur.DataProvideurFreeCRM"/>
  <testcase name="createNewContactFreeCRM" time="28.929" classname="dataProvideur.DataProvideurFreeCRM"/>
  <testcase name="createNewContactFreeCRM" time="40.963" classname="dataProvideur.DataProvideurFreeCRM"/>
  <testcase name="createNewContactFreeCRM" time="33.159" classname="dataProvideur.DataProvideurFreeCRM"/>
</testsuite> <!-- Default test -->
