<?xml version="1.0" encoding="UTF-8"?>
<testng-results skipped="0" failed="0" ignored="0" total="2" passed="2">
  <reporter-output>
  </reporter-output>
  <suite name="Default suite" duration-ms="11604" started-at="2020-05-31T16:42:49Z" finished-at="2020-05-31T16:43:01Z">
    <groups>
    </groups>
    <test name="Default test" duration-ms="11604" started-at="2020-05-31T16:42:49Z" finished-at="2020-05-31T16:43:01Z">
      <class name="seleniumMethods.ReadPDF">
        <test-method status="PASS" signature="readPDFFromInternet()[pri:0, instance:seleniumMethods.ReadPDF@6d4b1c02]" name="readPDFFromInternet" duration-ms="8906" started-at="2020-05-31T16:42:50Z" finished-at="2020-05-31T16:42:58Z">
          <reporter-output>
          </reporter-output>
        </test-method> <!-- readPDFFromInternet -->
        <test-method status="PASS" signature="readPDFFromLocal()[pri:0, instance:seleniumMethods.ReadPDF@6d4b1c02]" name="readPDFFromLocal" duration-ms="2645" started-at="2020-05-31T16:42:58Z" finished-at="2020-05-31T16:43:01Z">
          <reporter-output>
          </reporter-output>
        </test-method> <!-- readPDFFromLocal -->
      </class> <!-- seleniumMethods.ReadPDF -->
    </test> <!-- Default test -->
  </suite> <!-- Default suite -->
</testng-results>
